<?xml version="1.0" encoding="UTF-8" ?>
<testsuites>
  <testsuite errors="0" failures="0" hostname="Nicki-PC" id="0" name="CalculateOrderPriceTest" package="team2.sandwichorder" tests="1" time="0.084" timestamp="2013-04-04T01:54:05">
      <properties>
[...]
</properties>

      <testcase classname="team2.sandwichorder.CalculateOrderPriceTest" name="testCalculateOrderPrice" time="0.0060" />

      <system-out><![CDATA[]]></system-out>

      <system-err><![CDATA[]]></system-err>

  </testsuite>
  <testsuite errors="0" failures="0" hostname="Nicki-PC" id="1" name="IngredientGroupJAXBDAOTest" package="team2.sandwichorder" tests="1" time="0.193" timestamp="2013-04-04T01:54:06">
      <properties>
[...]
</properties>

      <testcase classname="team2.sandwichorder.IngredientGroupJAXBDAOTest" name="testReturnAllIngredientGroups" time="0.12" />

      <system-out><![CDATA[]]></system-out>

      <system-err><![CDATA[]]></system-err>

  </testsuite>
  <testsuite errors="0" failures="0" hostname="Nicki-PC" id="2" name="IngredientGroupTest" package="team2.sandwichorder" tests="6" time="0.084" timestamp="2013-04-04T01:54:07">
      <properties>
[...]
</properties>

      <testcase classname="team2.sandwichorder.IngredientGroupTest" name="testGetGroupType" time="0.0030" />

      <testcase classname="team2.sandwichorder.IngredientGroupTest" name="testGetGroupName" time="0.0" />

      <testcase classname="team2.sandwichorder.IngredientGroupTest" name="testGetChoices" time="0.0010" />

      <testcase classname="team2.sandwichorder.IngredientGroupTest" name="testAddChoice" time="0.0" />

      <testcase classname="team2.sandwichorder.IngredientGroupTest" name="testSetGroupType" time="0.0" />

      <testcase classname="team2.sandwichorder.IngredientGroupTest" name="testSetGroupName" time="0.0010" />

      <system-out><![CDATA[]]></system-out>

      <system-err><![CDATA[]]></system-err>

  </testsuite>
  <testsuite errors="0" failures="0" hostname="Nicki-PC" id="3" name="ItemPriceMapTest" package="team2.sandwichorder" tests="1" time="0.081" timestamp="2013-04-04T01:54:08">
      <properties>
[...]
</properties>

      <testcase classname="team2.sandwichorder.ItemPriceMapTest" name="testItemPriceMap" time="0.0060" />

      <system-out><![CDATA[]]></system-out>

      <system-err><![CDATA[]]></system-err>

  </testsuite>
  <testsuite errors="0" failures="0" hostname="Nicki-PC" id="4" name="PricingJAXBDAOTest" package="team2.sandwichorder" tests="1" time="0.191" timestamp="2013-04-04T01:54:09">
      <properties>
[...]
</properties>

      <testcase classname="team2.sandwichorder.PricingJAXBDAOTest" name="testRetrievePricingData" time="0.118" />

      <system-out><![CDATA[]]></system-out>

      <system-err><![CDATA[]]></system-err>

  </testsuite>
  <testsuite errors="0" failures="0" hostname="Nicki-PC" id="5" name="SandwichOrderDataTest" package="team2.sandwichorder" tests="1" time="0.078" timestamp="2013-04-04T01:54:10">
      <properties>
[...]
</properties>

      <testcase classname="team2.sandwichorder.SandwichOrderDataTest" name="testSandwichOrderData" time="0.0040" />

      <system-out><![CDATA[]]></system-out>

      <system-err><![CDATA[]]></system-err>

  </testsuite>
</testsuites>
