<?xml version="1.0" encoding="UTF-8" ?>
<testsuites>
  <testsuite errors="0" failures="0" hostname="Nicki-PC" id="0" name="IngredientGroupTest" package="team2.sandwichorder" tests="6" time="0.104" timestamp="2013-02-20T01:33:58">
      <properties>
[...]
</properties>

      <testcase classname="team2.sandwichorder.IngredientGroupTest" name="testGetChoices" time="0.002" />

      <testcase classname="team2.sandwichorder.IngredientGroupTest" name="testAddChoice" time="0.0" />

      <testcase classname="team2.sandwichorder.IngredientGroupTest" name="testSetGroupType" time="0.0" />

      <testcase classname="team2.sandwichorder.IngredientGroupTest" name="testGetGroupName" time="0.0" />

      <testcase classname="team2.sandwichorder.IngredientGroupTest" name="testGetGroupType" time="0.0" />

      <testcase classname="team2.sandwichorder.IngredientGroupTest" name="testSetGroupName" time="0.0" />

      <system-out><![CDATA[]]></system-out>

      <system-err><![CDATA[]]></system-err>

  </testsuite>
</testsuites>
